生成启动时间为 2017/3/28 11:34:18。
     1>项目“E:\qatimeStudent\QtUpdate\QtUpdate\QtUpdate.vcxproj”在节点 2 上(Build 个目标)。
     1>C:\Program Files (x86)\MSBuild\Microsoft.Cpp\v4.0\V120\Microsoft.CppBuild.targets(364,5): warning MSB8004: Output Directory does not end with a trailing slash.  This build instance will add the slash as it is required to allow proper evaluation of the Output Directory.
     1>ClCompile:
         D:\Program Files (x86)\Microsoft Visual Studio 12.0\VC\bin\CL.exe /c /I.\GeneratedFiles /I. /IC:\Qt\Qt5.6.1\5.7\msvc2013\include /I.\GeneratedFiles\Release /IC:\Qt\Qt5.6.1\5.7\msvc2013\include\QtCore /IC:\Qt\Qt5.6.1\5.7\msvc2013\include\QtGui /IC:\Qt\Qt5.6.1\5.7\msvc2013\include\QtWidgets /I.\quazip /IC:\Qt\Qt5.6.1\5.7\msvc2013\include\QtNetwork /nologo /W1 /WX- /O2 /Oy- /D UNICODE /D WIN32 /D WIN64 /D QT_DLL /D QT_NO_DEBUG /D NDEBUG /D QT_CORE_LIB /D QT_GUI_LIB /D QT_WIDGETS_LIB /D QUAZIP_STATIC /Gm- /EHsc /MD /GS /fp:precise /Zc:wchar_t /Zc:forScope /Fo"Release\\" /Fd"Release\vc120.pdb" /Gd /TP /analyze- /errorReport:prompt qtupdate.cpp
         qtupdate.cpp
       Link:
         D:\Program Files (x86)\Microsoft Visual Studio 12.0\VC\bin\link.exe /ERRORREPORT:PROMPT /OUT:".\Bin\Release\\QtUpdate.exe" /NOLOGO /LIBPATH:C:\Qt\Qt5.6.1\5.7\msvc2013\lib /LIBPATH:.\lib qtmain.lib Qt5Core.lib Qt5Gui.lib Qt5Widgets.lib quazip.lib Qt5Network.lib kernel32.lib user32.lib gdi32.lib winspool.lib comdlg32.lib advapi32.lib shell32.lib ole32.lib oleaut32.lib uuid.lib odbc32.lib odbccp32.lib /MANIFEST /MANIFESTUAC:"level='asInvoker' uiAccess='false'" /manifest:embed /PDB:".\Bin\Release\QtUpdate.pdb" /SUBSYSTEM:WINDOWS /TLBID:1 /DYNAMICBASE /NXCOMPAT /IMPLIB:".\Bin\Release\QtUpdate.lib" /MACHINE:X86 /SAFESEH Release\qrc_qtupdate.obj
         Release\moc_qtupdate.obj
         Release\moc_quagzipfile.obj
         Release\moc_quaziodevice.obj
         Release\moc_quazipfile.obj
         Release\moc_UIWorkThread.obj
         Release\main.obj
         Release\qtupdate.obj
         Release\UIWorkThread.obj
         quazipd.lib
         QtUpdate.vcxproj -> E:\qatimeStudent\QtUpdate\QtUpdate\.\Bin\Release\QtUpdate.exe
     1>已完成生成项目“E:\qatimeStudent\QtUpdate\QtUpdate\QtUpdate.vcxproj”(Build 个目标)的操作。

生成成功。

已用时间 00:00:01.37
